2024-12-03 20:22:22,124 - IP packet: 144.22.205.0 -> 10.0.0.209
2024-12-03 20:22:22,124 - TCP packet flags: ['SYN', 'SYN-ACK'], Length: 74
2024-12-03 20:22:22,127 - IP packet: 144.22.205.0 -> 10.0.0.209
2024-12-03 20:22:22,127 - TCP packet flags: ['SYN-ACK', 'ACK'], Length: 66
2024-12-03 20:22:22,130 - IP packet: 144.22.205.0 -> 10.0.0.209
2024-12-03 20:22:22,130 - TCP packet flags: ['SYN-ACK', 'ACK', 'PSH'], Length: 299
2024-12-03 20:22:22,135 - IP packet: 144.22.205.0 -> 10.0.0.209
2024-12-03 20:22:22,135 - TCP packet flags: ['SYN-ACK', 'ACK'], Length: 66
2024-12-03 20:22:22,136 - IP packet: 144.22.205.0 -> 10.0.0.209
2024-12-03 20:22:22,137 - TCP packet flags: ['SYN-ACK', 'ACK', 'PSH'], Length: 159
2024-12-03 20:22:22,138 - IP packet: 144.22.205.0 -> 10.0.0.209
2024-12-03 20:22:22,138 - TCP packet flags: ['SYN-ACK', 'ACK', 'PSH'], Length: 229
2024-12-03 20:22:23,163 - IP packet: 144.22.205.0 -> 10.0.0.209
2024-12-03 20:22:23,164 - TCP packet flags: ['SYN', 'SYN-ACK'], Length: 74
2024-12-03 20:22:23,167 - IP packet: 144.22.205.0 -> 10.0.0.209
2024-12-03 20:22:23,167 - TCP packet flags: ['SYN', 'SYN-ACK'], Length: 74
2024-12-03 20:22:23,170 - IP packet: 144.22.205.0 -> 10.0.0.209
2024-12-03 20:22:23,171 - TCP packet flags: ['SYN', 'SYN-ACK'], Length: 74
2024-12-03 20:22:23,174 - IP packet: 144.22.205.0 -> 10.0.0.209
2024-12-03 20:22:23,174 - TCP packet flags: ['SYN', 'SYN-ACK'], Length: 74
2024-12-03 20:22:23,183 - IP packet: 144.22.205.0 -> 10.0.0.209
2024-12-03 20:22:23,183 - TCP packet flags: ['SYN', 'SYN-ACK'], Length: 74
2024-12-03 20:22:23,186 - IP packet: 144.22.205.0 -> 10.0.0.209
2024-12-03 20:22:23,186 - TCP packet flags: ['SYN', 'SYN-ACK'], Length: 74
2024-12-03 20:22:23,189 - IP packet: 144.22.205.0 -> 10.0.0.209
2024-12-03 20:22:23,189 - TCP packet flags: ['SYN', 'SYN-ACK'], Length: 74
2024-12-03 20:22:23,200 - IP packet: 144.22.205.0 -> 10.0.0.209
2024-12-03 20:22:23,200 - TCP packet flags: ['SYN', 'SYN-ACK'], Length: 74
2024-12-03 20:22:23,203 - IP packet: 144.22.205.0 -> 10.0.0.209
2024-12-03 20:22:23,203 - TCP packet flags: ['SYN', 'SYN-ACK'], Length: 74
2024-12-03 20:22:23,206 - IP packet: 144.22.205.0 -> 10.0.0.209
2024-12-03 20:22:23,206 - TCP packet flags: ['SYN', 'SYN-ACK'], Length: 74
2024-12-03 20:22:23,220 - IP packet: 144.22.205.0 -> 10.0.0.209
2024-12-03 20:22:23,220 - TCP packet flags: ['SYN', 'SYN-ACK'], Length: 74
2024-12-03 20:22:23,223 - IP packet: 144.22.205.0 -> 10.0.0.209
2024-12-03 20:22:23,223 - TCP packet flags: ['SYN-ACK', 'ACK', 'PSH'], Length: 229
2024-12-03 20:22:23,232 - IP packet: 144.22.205.0 -> 10.0.0.209
2024-12-03 20:22:23,232 - TCP packet flags: ['SYN-ACK', 'ACK'], Length: 66
2024-12-03 20:22:23,233 - IP packet: 144.22.205.0 -> 10.0.0.209
2024-12-03 20:22:23,234 - TCP packet flags: ['SYN-ACK', 'ACK'], Length: 66
2024-12-03 20:22:23,235 - IP packet: 144.22.205.0 -> 10.0.0.209
2024-12-03 20:22:23,235 - TCP packet flags: ['SYN-ACK', 'ACK'], Length: 66
2024-12-03 20:22:23,237 - IP packet: 144.22.205.0 -> 10.0.0.209
2024-12-03 20:22:23,237 - TCP packet flags: ['SYN-ACK', 'ACK'], Length: 66
2024-12-03 20:22:23,240 - IP packet: 144.22.205.0 -> 10.0.0.209
2024-12-03 20:22:23,240 - TCP packet flags: ['SYN-ACK', 'ACK', 'PSH'], Length: 299
2024-12-03 20:22:23,242 - IP packet: 144.22.205.0 -> 10.0.0.209
2024-12-03 20:22:23,243 - TCP packet flags: ['SYN-ACK', 'ACK'], Length: 66
2024-12-03 20:22:23,244 - IP packet: 144.22.205.0 -> 10.0.0.209
2024-12-03 20:22:23,244 - TCP packet flags: ['SYN-ACK', 'ACK'], Length: 66
2024-12-03 20:22:23,247 - IP packet: 144.22.205.0 -> 10.0.0.209
2024-12-03 20:22:23,247 - TCP packet flags: ['SYN-ACK', 'ACK', 'PSH'], Length: 299
2024-12-03 20:22:23,251 - IP packet: 144.22.205.0 -> 10.0.0.209
2024-12-03 20:22:23,251 - TCP packet flags: ['SYN-ACK', 'ACK', 'PSH'], Length: 299
2024-12-03 20:22:23,254 - IP packet: 144.22.205.0 -> 10.0.0.209
2024-12-03 20:22:23,254 - TCP packet flags: ['SYN-ACK', 'ACK'], Length: 66
2024-12-03 20:22:23,261 - IP packet: 144.22.205.0 -> 10.0.0.209
2024-12-03 20:22:23,261 - TCP packet flags: ['SYN-ACK', 'ACK'], Length: 66
2024-12-03 20:22:23,264 - IP packet: 144.22.205.0 -> 10.0.0.209
2024-12-03 20:22:23,264 - TCP packet flags: ['SYN-ACK', 'ACK', 'PSH'], Length: 299
2024-12-03 20:22:23,269 - IP packet: 144.22.205.0 -> 10.0.0.209
2024-12-03 20:22:23,269 - TCP packet flags: ['SYN-ACK', 'ACK', 'PSH'], Length: 299
2024-12-03 20:22:23,272 - IP packet: 144.22.205.0 -> 10.0.0.209
2024-12-03 20:22:23,272 - TCP packet flags: ['SYN-ACK', 'ACK'], Length: 66
2024-12-03 20:22:23,275 - IP packet: 144.22.205.0 -> 10.0.0.209
2024-12-03 20:22:23,275 - TCP packet flags: ['SYN-ACK', 'ACK', 'PSH'], Length: 299
2024-12-03 20:22:23,278 - IP packet: 144.22.205.0 -> 10.0.0.209
2024-12-03 20:22:23,278 - TCP packet flags: ['SYN-ACK', 'ACK'], Length: 66
2024-12-03 20:22:23,280 - IP packet: 144.22.205.0 -> 10.0.0.209
2024-12-03 20:22:23,280 - TCP packet flags: ['SYN-ACK', 'ACK'], Length: 66
2024-12-03 20:22:23,282 - IP packet: 144.22.205.0 -> 10.0.0.209
2024-12-03 20:22:23,283 - TCP packet flags: ['SYN-ACK', 'ACK', 'PSH'], Length: 299
2024-12-03 20:22:23,297 - IP packet: 144.22.205.0 -> 10.0.0.209
2024-12-03 20:22:23,297 - TCP packet flags: ['SYN-ACK', 'ACK', 'PSH'], Length: 299
2024-12-03 20:22:23,302 - IP packet: 144.22.205.0 -> 10.0.0.209
2024-12-03 20:22:23,302 - TCP packet flags: ['SYN-ACK', 'ACK', 'PSH'], Length: 299
2024-12-03 20:22:23,307 - IP packet: 144.22.205.0 -> 10.0.0.209
2024-12-03 20:22:23,307 - TCP packet flags: ['SYN-ACK', 'ACK', 'PSH'], Length: 299
2024-12-03 20:22:23,311 - IP packet: 144.22.205.0 -> 10.0.0.209
2024-12-03 20:22:23,311 - TCP packet flags: ['SYN-ACK', 'ACK', 'PSH'], Length: 299
2024-12-03 20:22:23,350 - IP packet: 144.22.205.0 -> 10.0.0.209
2024-12-03 20:22:23,351 - TCP packet flags: ['SYN-ACK', 'ACK'], Length: 66
2024-12-03 20:22:23,352 - IP packet: 144.22.205.0 -> 10.0.0.209
2024-12-03 20:22:23,352 - TCP packet flags: ['SYN-ACK', 'ACK'], Length: 66
2024-12-03 20:22:23,360 - IP packet: 144.22.205.0 -> 10.0.0.209
2024-12-03 20:22:23,361 - TCP packet flags: ['SYN-ACK', 'ACK', 'PSH'], Length: 159
2024-12-03 20:22:23,362 - IP packet: 144.22.205.0 -> 10.0.0.209
2024-12-03 20:22:23,362 - TCP packet flags: ['SYN-ACK', 'ACK'], Length: 66
2024-12-03 20:22:23,384 - IP packet: 144.22.205.0 -> 10.0.0.209
2024-12-03 20:22:23,384 - TCP packet flags: ['SYN-ACK', 'ACK', 'PSH'], Length: 159
2024-12-03 20:22:23,386 - IP packet: 144.22.205.0 -> 10.0.0.209
2024-12-03 20:22:23,386 - TCP packet flags: ['SYN-ACK', 'ACK'], Length: 66
2024-12-03 20:22:23,388 - IP packet: 144.22.205.0 -> 10.0.0.209
2024-12-03 20:22:23,388 - TCP packet flags: ['SYN-ACK', 'ACK', 'PSH'], Length: 159
2024-12-03 20:22:23,389 - IP packet: 144.22.205.0 -> 10.0.0.209
2024-12-03 20:22:23,389 - TCP packet flags: ['SYN-ACK', 'ACK'], Length: 66
2024-12-03 20:22:23,413 - IP packet: 144.22.205.0 -> 10.0.0.209
2024-12-03 20:22:23,413 - TCP packet flags: ['SYN-ACK', 'ACK', 'PSH'], Length: 159
2024-12-03 20:22:23,415 - IP packet: 144.22.205.0 -> 10.0.0.209
2024-12-03 20:22:23,415 - TCP packet flags: ['SYN-ACK', 'ACK'], Length: 66
2024-12-03 20:22:23,424 - IP packet: 144.22.205.0 -> 10.0.0.209
2024-12-03 20:22:23,424 - TCP packet flags: ['SYN-ACK', 'ACK'], Length: 66
2024-12-03 20:22:23,425 - IP packet: 144.22.205.0 -> 10.0.0.209
2024-12-03 20:22:23,426 - TCP packet flags: ['SYN-ACK', 'ACK', 'PSH'], Length: 159
2024-12-03 20:22:23,429 - IP packet: 144.22.205.0 -> 10.0.0.209
2024-12-03 20:22:23,429 - TCP packet flags: ['SYN-ACK', 'ACK', 'PSH'], Length: 159
2024-12-03 20:22:23,436 - IP packet: 144.22.205.0 -> 10.0.0.209
2024-12-03 20:22:23,436 - TCP packet flags: ['SYN-ACK', 'ACK'], Length: 66
2024-12-03 20:22:23,438 - IP packet: 144.22.205.0 -> 10.0.0.209
2024-12-03 20:22:23,438 - TCP packet flags: ['SYN-ACK', 'ACK', 'PSH'], Length: 159
2024-12-03 20:22:23,441 - IP packet: 144.22.205.0 -> 10.0.0.209
2024-12-03 20:22:23,441 - TCP packet flags: ['SYN-ACK', 'ACK'], Length: 66
2024-12-03 20:22:23,442 - IP packet: 144.22.205.0 -> 10.0.0.209
2024-12-03 20:22:23,442 - TCP packet flags: ['SYN-ACK', 'ACK', 'PSH'], Length: 159
2024-12-03 20:22:23,449 - IP packet: 144.22.205.0 -> 10.0.0.209
2024-12-03 20:22:23,449 - TCP packet flags: ['SYN-ACK', 'ACK', 'PSH'], Length: 229
2024-12-03 20:22:23,451 - IP packet: 144.22.205.0 -> 10.0.0.209
2024-12-03 20:22:23,451 - TCP packet flags: ['SYN-ACK', 'ACK', 'PSH'], Length: 229
2024-12-03 20:22:23,461 - IP packet: 144.22.205.0 -> 10.0.0.209
2024-12-03 20:22:23,461 - TCP packet flags: ['SYN-ACK', 'ACK', 'PSH'], Length: 159
2024-12-03 20:22:23,466 - IP packet: 144.22.205.0 -> 10.0.0.209
2024-12-03 20:22:23,466 - TCP packet flags: ['SYN-ACK', 'ACK', 'PSH'], Length: 229
2024-12-03 20:22:23,473 - IP packet: 144.22.205.0 -> 10.0.0.209
2024-12-03 20:22:23,473 - TCP packet flags: ['SYN-ACK', 'ACK'], Length: 66
2024-12-03 20:22:23,476 - IP packet: 144.22.205.0 -> 10.0.0.209
2024-12-03 20:22:23,476 - TCP packet flags: ['SYN-ACK', 'ACK', 'PSH'], Length: 159
2024-12-03 20:22:23,479 - IP packet: 144.22.205.0 -> 10.0.0.209
2024-12-03 20:22:23,479 - TCP packet flags: ['SYN-ACK', 'ACK', 'PSH'], Length: 229
2024-12-03 20:22:23,480 - IP packet: 144.22.205.0 -> 10.0.0.209
2024-12-03 20:22:23,480 - TCP packet flags: ['SYN-ACK', 'ACK', 'PSH'], Length: 229
2024-12-03 20:22:23,482 - IP packet: 144.22.205.0 -> 10.0.0.209
2024-12-03 20:22:23,482 - TCP packet flags: ['SYN-ACK', 'ACK'], Length: 66
2024-12-03 20:22:23,483 - IP packet: 144.22.205.0 -> 10.0.0.209
2024-12-03 20:22:23,484 - TCP packet flags: ['SYN-ACK', 'ACK', 'PSH'], Length: 159
2024-12-03 20:22:23,485 - IP packet: 144.22.205.0 -> 10.0.0.209
2024-12-03 20:22:23,485 - TCP packet flags: ['SYN-ACK', 'ACK', 'PSH'], Length: 229
2024-12-03 20:22:23,487 - IP packet: 144.22.205.0 -> 10.0.0.209
2024-12-03 20:22:23,487 - TCP packet flags: ['SYN-ACK', 'ACK', 'PSH'], Length: 229
2024-12-03 20:22:23,488 - IP packet: 144.22.205.0 -> 10.0.0.209
2024-12-03 20:22:23,489 - TCP packet flags: ['SYN-ACK', 'ACK', 'PSH'], Length: 229
2024-12-03 20:22:23,490 - IP packet: 144.22.205.0 -> 10.0.0.209
2024-12-03 20:22:23,490 - TCP packet flags: ['SYN-ACK', 'ACK', 'PSH'], Length: 229
2024-12-03 20:22:23,494 - IP packet: 144.22.205.0 -> 10.0.0.209
2024-12-03 20:22:23,494 - TCP packet flags: ['SYN-ACK', 'ACK', 'PSH'], Length: 229
2024-12-03 20:22:23,499 - IP packet: 144.22.205.0 -> 10.0.0.209
2024-12-03 20:22:23,499 - TCP packet flags: ['SYN-ACK', 'ACK', 'PSH'], Length: 229
2024-12-03 20:22:32,362 - IP packet: 144.22.205.0 -> 10.0.0.209
2024-12-03 20:22:32,362 - TCP packet flags: ['SYN-ACK', 'ACK', 'PSH'], Length: 229
2024-12-03 20:22:32,884 - IP packet: 144.22.205.0 -> 10.0.0.209
2024-12-03 20:22:32,884 - TCP packet flags: ['SYN-ACK', 'ACK', 'PSH'], Length: 229
2024-12-03 20:22:32,889 - IP packet: 144.22.205.0 -> 10.0.0.209
2024-12-03 20:22:32,889 - TCP packet flags: ['SYN-ACK', 'ACK', 'PSH'], Length: 229
2024-12-03 20:22:32,893 - IP packet: 144.22.205.0 -> 10.0.0.209
2024-12-03 20:22:32,894 - TCP packet flags: ['SYN-ACK', 'ACK', 'PSH'], Length: 229
2024-12-03 20:22:32,898 - IP packet: 144.22.205.0 -> 10.0.0.209
2024-12-03 20:22:32,898 - TCP packet flags: ['SYN-ACK', 'ACK', 'PSH'], Length: 229
2024-12-03 20:22:34,404 - IP packet: 144.22.205.0 -> 10.0.0.209
2024-12-03 20:22:34,405 - TCP packet flags: ['SYN-ACK', 'ACK', 'PSH'], Length: 229
2024-12-03 20:22:35,977 - IP packet: 144.22.205.0 -> 10.0.0.209
2024-12-03 20:22:35,977 - TCP packet flags: ['SYN-ACK', 'ACK', 'PSH'], Length: 229
2024-12-03 20:22:35,982 - IP packet: 144.22.205.0 -> 10.0.0.209
2024-12-03 20:22:35,982 - TCP packet flags: ['SYN-ACK', 'ACK', 'PSH'], Length: 229
2024-12-03 20:22:35,986 - IP packet: 144.22.205.0 -> 10.0.0.209
2024-12-03 20:22:35,986 - TCP packet flags: ['SYN-ACK', 'ACK', 'PSH'], Length: 229
2024-12-03 20:22:35,990 - IP packet: 144.22.205.0 -> 10.0.0.209
2024-12-03 20:22:35,991 - TCP packet flags: ['SYN-ACK', 'ACK', 'PSH'], Length: 229
2024-12-03 20:22:52,074 - IP packet: 144.22.205.0 -> 10.0.0.209
2024-12-03 20:22:52,075 - TCP packet flags: ['SYN-ACK', 'ACK', 'PSH'], Length: 229
2024-12-03 20:22:52,586 - IP packet: 144.22.205.0 -> 10.0.0.209
2024-12-03 20:22:52,587 - TCP packet flags: ['SYN-ACK', 'ACK', 'PSH'], Length: 229
2024-12-03 20:22:53,101 - IP packet: 144.22.205.0 -> 10.0.0.209
2024-12-03 20:22:53,101 - TCP packet flags: ['SYN-ACK', 'ACK', 'PSH'], Length: 229
2024-12-03 20:22:53,105 - IP packet: 144.22.205.0 -> 10.0.0.209
2024-12-03 20:22:53,105 - TCP packet flags: ['SYN-ACK', 'ACK', 'PSH'], Length: 229
2024-12-03 20:22:53,109 - IP packet: 144.22.205.0 -> 10.0.0.209
2024-12-03 20:22:53,109 - TCP packet flags: ['SYN-ACK', 'ACK', 'PSH'], Length: 229
2024-12-03 20:22:53,611 - IP packet: 144.22.205.0 -> 10.0.0.209
2024-12-03 20:22:53,612 - TCP packet flags: ['SYN-ACK', 'ACK', 'PSH'], Length: 229
2024-12-03 20:22:53,616 - IP packet: 144.22.205.0 -> 10.0.0.209
2024-12-03 20:22:53,616 - TCP packet flags: ['SYN-ACK', 'ACK', 'PSH'], Length: 229
2024-12-03 20:22:53,620 - IP packet: 144.22.205.0 -> 10.0.0.209
2024-12-03 20:22:53,620 - TCP packet flags: ['SYN-ACK', 'ACK', 'PSH'], Length: 229
2024-12-03 20:22:53,624 - IP packet: 144.22.205.0 -> 10.0.0.209
2024-12-03 20:22:53,624 - TCP packet flags: ['SYN-ACK', 'ACK', 'PSH'], Length: 229
2024-12-03 20:22:54,124 - IP packet: 144.22.205.0 -> 10.0.0.209
2024-12-03 20:22:54,124 - TCP packet flags: ['SYN-ACK', 'ACK', 'FIN'], Length: 66
2024-12-03 20:22:54,125 - IP packet: 144.22.205.0 -> 10.0.0.209
2024-12-03 20:22:54,126 - TCP packet flags: ['SYN-ACK', 'ACK', 'FIN'], Length: 66
2024-12-03 20:22:54,134 - IP packet: 144.22.205.0 -> 10.0.0.209
2024-12-03 20:22:54,134 - TCP packet flags: ['SYN-ACK', 'ACK', 'FIN'], Length: 66
2024-12-03 20:22:54,137 - IP packet: 144.22.205.0 -> 10.0.0.209
2024-12-03 20:22:54,137 - TCP packet flags: ['SYN-ACK', 'ACK', 'FIN'], Length: 66
2024-12-03 20:22:54,141 - IP packet: 144.22.205.0 -> 10.0.0.209
2024-12-03 20:22:54,141 - TCP packet flags: ['SYN-ACK', 'ACK', 'FIN'], Length: 66
2024-12-03 20:22:54,144 - IP packet: 144.22.205.0 -> 10.0.0.209
2024-12-03 20:22:54,144 - TCP packet flags: ['SYN-ACK', 'ACK', 'FIN'], Length: 66
2024-12-03 20:22:54,147 - IP packet: 144.22.205.0 -> 10.0.0.209
2024-12-03 20:22:54,147 - TCP packet flags: ['SYN-ACK', 'ACK', 'FIN'], Length: 66
2024-12-03 20:22:54,150 - IP packet: 144.22.205.0 -> 10.0.0.209
2024-12-03 20:22:54,150 - TCP packet flags: ['SYN-ACK', 'ACK', 'FIN'], Length: 66
2024-12-03 20:22:54,155 - IP packet: 144.22.205.0 -> 10.0.0.209
2024-12-03 20:22:54,155 - TCP packet flags: ['SYN-ACK', 'ACK', 'FIN'], Length: 66
2024-12-03 20:22:54,159 - IP packet: 144.22.205.0 -> 10.0.0.209
2024-12-03 20:22:54,159 - TCP packet flags: ['SYN-ACK', 'ACK', 'FIN'], Length: 66
2024-12-03 20:22:54,163 - IP packet: 144.22.205.0 -> 10.0.0.209
2024-12-03 20:22:54,163 - TCP packet flags: ['SYN-ACK', 'ACK', 'FIN'], Length: 66
2024-12-03 20:22:54,165 - IP packet: 144.22.205.0 -> 10.0.0.209
2024-12-03 20:22:54,165 - TCP packet flags: ['SYN-ACK', 'ACK', 'FIN'], Length: 66
2024-12-03 20:22:55,144 - IP packet: 144.22.205.0 -> 10.0.0.209
2024-12-03 20:22:55,144 - TCP packet flags: ['RST'], Length: 56
2024-12-03 20:22:55,147 - IP packet: 144.22.205.0 -> 10.0.0.209
2024-12-03 20:22:55,147 - TCP packet flags: ['RST'], Length: 56
2024-12-03 20:22:55,150 - IP packet: 144.22.205.0 -> 10.0.0.209
2024-12-03 20:22:55,150 - TCP packet flags: ['RST'], Length: 56
2024-12-03 20:22:56,689 - IP packet: 144.22.205.0 -> 10.0.0.209
2024-12-03 20:22:56,689 - TCP packet flags: ['RST'], Length: 56
2024-12-03 20:22:56,690 - IP packet: 144.22.205.0 -> 10.0.0.209
2024-12-03 20:22:56,691 - TCP packet flags: ['RST'], Length: 56
2024-12-03 20:22:56,692 - IP packet: 144.22.205.0 -> 10.0.0.209
2024-12-03 20:22:56,692 - TCP packet flags: ['RST'], Length: 56
2024-12-03 20:22:56,694 - IP packet: 144.22.205.0 -> 10.0.0.209
2024-12-03 20:22:56,694 - TCP packet flags: ['RST'], Length: 56
2024-12-03 20:22:56,696 - IP packet: 144.22.205.0 -> 10.0.0.209
2024-12-03 20:22:56,696 - TCP packet flags: ['RST'], Length: 56
2024-12-03 20:22:56,697 - IP packet: 144.22.205.0 -> 10.0.0.209
2024-12-03 20:22:56,697 - TCP packet flags: ['RST'], Length: 56
2024-12-03 20:22:56,705 - IP packet: 144.22.205.0 -> 10.0.0.209
2024-12-03 20:22:56,705 - TCP packet flags: ['RST'], Length: 56
2024-12-03 20:22:56,706 - IP packet: 144.22.205.0 -> 10.0.0.209
2024-12-03 20:22:56,706 - TCP packet flags: ['RST'], Length: 56
2024-12-03 20:22:56,708 - IP packet: 144.22.205.0 -> 10.0.0.209
2024-12-03 20:22:56,708 - TCP packet flags: ['RST'], Length: 56
2024-12-03 20:22:56,709 - IP packet: 144.22.205.0 -> 10.0.0.209
2024-12-03 20:22:56,709 - TCP packet flags: ['RST'], Length: 56
2024-12-03 20:23:00,273 - IP packet: 144.22.205.0 -> 10.0.0.209
2024-12-03 20:23:00,273 - TCP packet flags: ['RST'], Length: 56
2024-12-03 20:23:00,274 - IP packet: 144.22.205.0 -> 10.0.0.209
2024-12-03 20:23:00,274 - TCP packet flags: ['RST'], Length: 56
2024-12-03 20:23:00,275 - IP packet: 144.22.205.0 -> 10.0.0.209
2024-12-03 20:23:00,275 - TCP packet flags: ['RST'], Length: 56
2024-12-03 20:23:00,279 - IP packet: 144.22.205.0 -> 10.0.0.209
2024-12-03 20:23:00,279 - TCP packet flags: ['RST'], Length: 56
2024-12-03 20:23:00,281 - IP packet: 144.22.205.0 -> 10.0.0.209
2024-12-03 20:23:00,281 - TCP packet flags: ['RST'], Length: 56
2024-12-03 20:23:00,282 - IP packet: 144.22.205.0 -> 10.0.0.209
2024-12-03 20:23:00,282 - TCP packet flags: ['RST'], Length: 56
2024-12-03 20:23:00,287 - IP packet: 144.22.205.0 -> 10.0.0.209
2024-12-03 20:23:00,287 - TCP packet flags: ['RST'], Length: 56
2024-12-03 20:23:00,288 - IP packet: 144.22.205.0 -> 10.0.0.209
2024-12-03 20:23:00,288 - TCP packet flags: ['RST'], Length: 56
2024-12-03 20:23:00,289 - IP packet: 144.22.205.0 -> 10.0.0.209
2024-12-03 20:23:00,289 - TCP packet flags: ['RST'], Length: 56
2024-12-03 20:23:00,293 - IP packet: 144.22.205.0 -> 10.0.0.209
2024-12-03 20:23:00,293 - TCP packet flags: ['RST'], Length: 56
2024-12-03 20:23:00,294 - IP packet: 144.22.205.0 -> 10.0.0.209
2024-12-03 20:23:00,294 - TCP packet flags: ['RST'], Length: 56
2024-12-03 20:23:00,295 - IP packet: 144.22.205.0 -> 10.0.0.209
2024-12-03 20:23:00,295 - TCP packet flags: ['RST'], Length: 56
2024-12-03 20:23:00,782 - IP packet: 144.22.205.0 -> 10.0.0.209
2024-12-03 20:23:00,782 - TCP packet flags: ['RST'], Length: 56
2024-12-03 20:23:00,783 - IP packet: 144.22.205.0 -> 10.0.0.209
2024-12-03 20:23:00,783 - TCP packet flags: ['RST'], Length: 56
2024-12-03 20:23:00,784 - IP packet: 144.22.205.0 -> 10.0.0.209
2024-12-03 20:23:00,784 - TCP packet flags: ['RST'], Length: 56
2024-12-03 20:47:26,972 - Captura interrompida pelo usuário.
2024-12-03 20:47:26,972 - Captura concluída.
2024-12-03 20:47:26,977 - Task exception was never retrieved
future: <Task finished name='Task-402' coro=<TsharkXmlParser.get_packets_from_stream() done, defined at /usr/local/lib/python3.11/site-packages/pyshark/tshark/output_parser/tshark_xml.py:24> exception=EOFError()>
Traceback (most recent call last):
  File "/home/www/scripts/ids/tools/captura_pacotes.py", line 35, in <module>
    for packet in capture.sniff_continuously():
  File "/usr/local/lib/python3.11/site-packages/pyshark/capture/capture.py", line 221, in _packets_from_tshark_sync
    packet, data = self.eventloop.run_until_complete(
                   ^^^^^^^^^^^^^^^^^^^^^^^^^^^^^^^^^^
  File "/usr/lib64/python3.11/asyncio/base_events.py", line 640, in run_until_complete
    self.run_forever()
  File "/usr/lib64/python3.11/asyncio/base_events.py", line 607, in run_forever
    self._run_once()
  File "/usr/lib64/python3.11/asyncio/base_events.py", line 1884, in _run_once
    event_list = self._selector.select(timeout)
                 ^^^^^^^^^^^^^^^^^^^^^^^^^^^^^^
  File "/usr/lib64/python3.11/selectors.py", line 468, in select
    fd_event_list = self._selector.poll(timeout, max_ev)
                    ^^^^^^^^^^^^^^^^^^^^^^^^^^^^^^^^^^^^
KeyboardInterrupt

During handling of the above exception, another exception occurred:

Traceback (most recent call last):
  File "/usr/local/lib/python3.11/site-packages/pyshark/tshark/output_parser/tshark_xml.py", line 27, in get_packets_from_stream
    return await super().get_packets_from_stream(stream, existing_data, got_first_packet=got_first_packet)
           ^^^^^^^^^^^^^^^^^^^^^^^^^^^^^^^^^^^^^^^^^^^^^^^^^^^^^^^^^^^^^^^^^^^^^^^^^^^^^^^^^^^^^^^^^^^^^^^
  File "/usr/local/lib/python3.11/site-packages/pyshark/tshark/output_parser/base_parser.py", line 22, in get_packets_from_stream
    raise EOFError()
EOFError
